[0.518s] DEBUG:colcon:Command line arguments: ['/usr/bin/colcon', 'build', '--symlink-install']
[0.518s] DEBUG:colcon:Parsed command line arguments: Namespace(allow_overriding=[], ament_cmake_args=None, base_paths=['.'], build_base='build', catkin_cmake_args=None, catkin_skip_building_tests=False, cmake_args=None, cmake_clean_cache=False, cmake_clean_first=False, cmake_force_configure=False, cmake_target=None, cmake_target_skip_unavailable=False, continue_on_error=False, event_handlers=None, executor='parallel', ignore_user_meta=False, install_base='install', log_base=None, log_level=None, main=<bound method BuildVerb.main of <colcon_core.verb.build.BuildVerb object at 0x7f9329fa2610>>, merge_install=False, metas=['./colcon.meta'], packages_above=None, packages_above_and_dependencies=None, packages_above_depth=None, packages_end=None, packages_ignore=None, packages_ignore_regex=None, packages_select=None, packages_select_build_failed=False, packages_select_by_dep=None, packages_select_regex=None, packages_select_test_failures=False, packages_skip=None, packages_skip_build_finished=False, packages_skip_by_dep=None, packages_skip_regex=None, packages_skip_test_passed=False, packages_skip_up_to=None, packages_start=None, packages_up_to=None, packages_up_to_regex=None, parallel_workers=4, paths=None, symlink_install=True, test_result_base=None, verb_extension=<colcon_core.verb.build.BuildVerb object at 0x7f9329fa2610>, verb_name='build', verb_parser=<colcon_defaults.argument_parser.defaults.DefaultArgumentsDecorator object at 0x7f9329fa2b50>)
[0.558s] Level 1:colcon.colcon_core.package_discovery:discover_packages(colcon_meta) check parameters
[0.558s] Level 1:colcon.colcon_core.package_discovery:discover_packages(recursive) check parameters
[0.558s] Level 1:colcon.colcon_core.package_discovery:discover_packages(ignore) check parameters
[0.558s] Level 1:colcon.colcon_core.package_discovery:discover_packages(path) check parameters
[0.558s] Level 1:colcon.colcon_core.package_discovery:discover_packages(colcon_meta) discover
[0.558s] Level 1:colcon.colcon_core.package_discovery:discover_packages(recursive) discover
[0.558s] INFO:colcon.colcon_core.package_discovery:Crawling recursively for packages in '/home/coder/dev_ws/src/my_bot'
[0.558s] Level 1:colcon.colcon_core.package_identification:_identify(.) by extensions ['ignore', 'ignore_ament_install']
[0.558s] Level 1:colcon.colcon_core.package_identification:_identify(.) by extension 'ignore'
[0.558s] Level 1:colcon.colcon_core.package_identification:_identify(.) by extension 'ignore_ament_install'
[0.558s] Level 1:colcon.colcon_core.package_identification:_identify(.) by extensions ['colcon_pkg']
[0.558s] Level 1:colcon.colcon_core.package_identification:_identify(.) by extension 'colcon_pkg'
[0.558s] Level 1:colcon.colcon_core.package_identification:_identify(.) by extensions ['colcon_meta']
[0.559s] Level 1:colcon.colcon_core.package_identification:_identify(.) by extension 'colcon_meta'
[0.559s] Level 1:colcon.colcon_core.package_identification:_identify(.) by extensions ['ros']
[0.559s] Level 1:colcon.colcon_core.package_identification:_identify(.) by extension 'ros'
[0.587s] DEBUG:colcon.colcon_core.package_identification:Package '.' with type 'ros.ament_cmake' and name 'my_bot'
[0.587s] Level 1:colcon.colcon_core.package_discovery:discover_packages(recursive) using defaults
[0.587s] Level 1:colcon.colcon_core.package_discovery:discover_packages(ignore) discover
[0.587s] Level 1:colcon.colcon_core.package_discovery:discover_packages(ignore) using defaults
[0.587s] Level 1:colcon.colcon_core.package_discovery:discover_packages(path) discover
[0.587s] Level 1:colcon.colcon_core.package_discovery:discover_packages(path) using defaults
[0.619s] Level 1:colcon.colcon_core.package_discovery:discover_packages(prefix_path) check parameters
[0.619s] Level 1:colcon.colcon_core.package_discovery:discover_packages(prefix_path) discover
[0.623s] DEBUG:colcon.colcon_installed_package_information.package_discovery:Found 2 installed packages in /home/coder/lidar_ws/install
[0.625s] DEBUG:colcon.colcon_installed_package_information.package_discovery:Found 4 installed packages in /home/coder/dev_ws/install
[0.628s] DEBUG:colcon.colcon_installed_package_information.package_discovery:Found 297 installed packages in /opt/ros/foxy
[0.631s] Level 1:colcon.colcon_core.package_discovery:discover_packages(prefix_path) using defaults
[0.753s] Level 5:colcon.colcon_core.verb:set package 'my_bot' build argument 'cmake_args' from command line to 'None'
[0.754s] Level 5:colcon.colcon_core.verb:set package 'my_bot' build argument 'cmake_target' from command line to 'None'
[0.754s] Level 5:colcon.colcon_core.verb:set package 'my_bot' build argument 'cmake_target_skip_unavailable' from command line to 'False'
[0.754s] Level 5:colcon.colcon_core.verb:set package 'my_bot' build argument 'cmake_clean_cache' from command line to 'False'
[0.754s] Level 5:colcon.colcon_core.verb:set package 'my_bot' build argument 'cmake_clean_first' from command line to 'False'
[0.754s] Level 5:colcon.colcon_core.verb:set package 'my_bot' build argument 'cmake_force_configure' from command line to 'False'
[0.754s] Level 5:colcon.colcon_core.verb:set package 'my_bot' build argument 'ament_cmake_args' from command line to 'None'
[0.754s] Level 5:colcon.colcon_core.verb:set package 'my_bot' build argument 'catkin_cmake_args' from command line to 'None'
[0.754s] Level 5:colcon.colcon_core.verb:set package 'my_bot' build argument 'catkin_skip_building_tests' from command line to 'False'
[0.754s] DEBUG:colcon.colcon_core.verb:Building package 'my_bot' with the following arguments: {'ament_cmake_args': None, 'build_base': '/home/coder/dev_ws/src/my_bot/build/my_bot', 'catkin_cmake_args': None, 'catkin_skip_building_tests': False, 'cmake_args': None, 'cmake_clean_cache': False, 'cmake_clean_first': False, 'cmake_force_configure': False, 'cmake_target': None, 'cmake_target_skip_unavailable': False, 'install_base': '/home/coder/dev_ws/src/my_bot/install/my_bot', 'merge_install': False, 'path': '/home/coder/dev_ws/src/my_bot', 'symlink_install': True, 'test_result_base': None}
[0.755s] INFO:colcon.colcon_core.executor:Executing jobs using 'parallel' executor
[0.761s] DEBUG:colcon.colcon_parallel_executor.executor.parallel:run_until_complete
[0.761s] INFO:colcon.colcon_ros.task.ament_cmake.build:Building ROS package in '/home/coder/dev_ws/src/my_bot' with build type 'ament_cmake'
[0.761s] INFO:colcon.colcon_cmake.task.cmake.build:Building CMake package in '/home/coder/dev_ws/src/my_bot'
[0.767s] INFO:colcon.colcon_core.plugin_system:Skipping extension 'colcon_core.shell.bat': Not used on non-Windows systems
[0.768s] INFO:colcon.colcon_core.shell:Skip shell extension 'powershell' for command environment: Not usable outside of PowerShell
[0.768s] DEBUG:colcon.colcon_core.shell:Skip shell extension 'dsv' for command environment
[0.787s] DEBUG:colcon.colcon_core.event_handler.log_command:Invoking command in '/home/coder/dev_ws/src/my_bot/build/my_bot': CMAKE_PREFIX_PATH=${CMAKE_PREFIX_PATH}:/home/coder/dev_ws/install/serial_motor_demo:/opt/ros/foxy /usr/bin/cmake /home/coder/dev_ws/src/my_bot -DAMENT_CMAKE_SYMLINK_INSTALL=1 -DCMAKE_INSTALL_PREFIX=/home/coder/dev_ws/src/my_bot/install/my_bot
[2.051s] DEBUG:colcon.colcon_core.event_handler.log_command:Invoked command in '/home/coder/dev_ws/src/my_bot/build/my_bot' returned '0': CMAKE_PREFIX_PATH=${CMAKE_PREFIX_PATH}:/home/coder/dev_ws/install/serial_motor_demo:/opt/ros/foxy /usr/bin/cmake /home/coder/dev_ws/src/my_bot -DAMENT_CMAKE_SYMLINK_INSTALL=1 -DCMAKE_INSTALL_PREFIX=/home/coder/dev_ws/src/my_bot/install/my_bot
[2.055s] DEBUG:colcon.colcon_core.event_handler.log_command:Invoking command in '/home/coder/dev_ws/src/my_bot/build/my_bot': CMAKE_PREFIX_PATH=${CMAKE_PREFIX_PATH}:/home/coder/dev_ws/install/serial_motor_demo:/opt/ros/foxy /usr/bin/cmake --build /home/coder/dev_ws/src/my_bot/build/my_bot -- -j4 -l4
[2.103s] DEBUG:colcon.colcon_core.event_handler.log_command:Invoked command in '/home/coder/dev_ws/src/my_bot/build/my_bot' returned '0': CMAKE_PREFIX_PATH=${CMAKE_PREFIX_PATH}:/home/coder/dev_ws/install/serial_motor_demo:/opt/ros/foxy /usr/bin/cmake --build /home/coder/dev_ws/src/my_bot/build/my_bot -- -j4 -l4
[2.145s] DEBUG:colcon.colcon_core.event_handler.log_command:Invoking command in '/home/coder/dev_ws/src/my_bot/build/my_bot': CMAKE_PREFIX_PATH=${CMAKE_PREFIX_PATH}:/home/coder/dev_ws/install/serial_motor_demo:/opt/ros/foxy /usr/bin/cmake --install /home/coder/dev_ws/src/my_bot/build/my_bot
[2.458s] Level 1:colcon.colcon_core.environment:create_environment_scripts_only(my_bot)
[2.459s] DEBUG:colcon.colcon_core.event_handler.log_command:Invoked command in '/home/coder/dev_ws/src/my_bot/build/my_bot' returned '0': CMAKE_PREFIX_PATH=${CMAKE_PREFIX_PATH}:/home/coder/dev_ws/install/serial_motor_demo:/opt/ros/foxy /usr/bin/cmake --install /home/coder/dev_ws/src/my_bot/build/my_bot
[2.467s] Level 1:colcon.colcon_core.environment:checking '/home/coder/dev_ws/src/my_bot/install/my_bot' for CMake module files
[2.468s] Level 1:colcon.colcon_core.environment:checking '/home/coder/dev_ws/src/my_bot/install/my_bot' for CMake config files
[2.468s] Level 1:colcon.colcon_core.shell:create_environment_hook('my_bot', 'cmake_prefix_path')
[2.471s] INFO:colcon.colcon_core.shell:Creating environment hook '/home/coder/dev_ws/src/my_bot/install/my_bot/share/my_bot/hook/cmake_prefix_path.ps1'
[2.472s] INFO:colcon.colcon_core.shell:Creating environment descriptor '/home/coder/dev_ws/src/my_bot/install/my_bot/share/my_bot/hook/cmake_prefix_path.dsv'
[2.472s] INFO:colcon.colcon_core.shell:Creating environment hook '/home/coder/dev_ws/src/my_bot/install/my_bot/share/my_bot/hook/cmake_prefix_path.sh'
[2.474s] Level 1:colcon.colcon_core.environment:checking '/home/coder/dev_ws/src/my_bot/install/my_bot/bin'
[2.474s] Level 1:colcon.colcon_core.environment:checking '/home/coder/dev_ws/src/my_bot/install/my_bot/lib/pkgconfig/my_bot.pc'
[2.474s] Level 1:colcon.colcon_core.environment:checking '/home/coder/dev_ws/src/my_bot/install/my_bot/lib/python3.8/site-packages'
[2.475s] Level 1:colcon.colcon_core.environment:checking '/home/coder/dev_ws/src/my_bot/install/my_bot/bin'
[2.477s] INFO:colcon.colcon_core.shell:Creating package script '/home/coder/dev_ws/src/my_bot/install/my_bot/share/my_bot/package.ps1'
[2.479s] INFO:colcon.colcon_core.shell:Creating package descriptor '/home/coder/dev_ws/src/my_bot/install/my_bot/share/my_bot/package.dsv'
[2.480s] INFO:colcon.colcon_core.shell:Creating package script '/home/coder/dev_ws/src/my_bot/install/my_bot/share/my_bot/package.sh'
[2.481s] INFO:colcon.colcon_core.shell:Creating package script '/home/coder/dev_ws/src/my_bot/install/my_bot/share/my_bot/package.bash'
[2.482s] INFO:colcon.colcon_core.shell:Creating package script '/home/coder/dev_ws/src/my_bot/install/my_bot/share/my_bot/package.zsh'
[2.483s] Level 1:colcon.colcon_core.environment:create_file_with_runtime_dependencies(/home/coder/dev_ws/src/my_bot/install/my_bot/share/colcon-core/packages/my_bot)
[2.512s] Level 1:colcon.colcon_core.environment:create_environment_scripts_only(my_bot)
[2.516s] Level 1:colcon.colcon_core.environment:checking '/home/coder/dev_ws/src/my_bot/install/my_bot' for CMake module files
[2.517s] Level 1:colcon.colcon_core.environment:checking '/home/coder/dev_ws/src/my_bot/install/my_bot' for CMake config files
[2.517s] Level 1:colcon.colcon_core.shell:create_environment_hook('my_bot', 'cmake_prefix_path')
[2.520s] INFO:colcon.colcon_core.shell:Creating environment hook '/home/coder/dev_ws/src/my_bot/install/my_bot/share/my_bot/hook/cmake_prefix_path.ps1'
[2.520s] INFO:colcon.colcon_core.shell:Creating environment descriptor '/home/coder/dev_ws/src/my_bot/install/my_bot/share/my_bot/hook/cmake_prefix_path.dsv'
[2.521s] INFO:colcon.colcon_core.shell:Creating environment hook '/home/coder/dev_ws/src/my_bot/install/my_bot/share/my_bot/hook/cmake_prefix_path.sh'
[2.521s] Level 1:colcon.colcon_core.environment:checking '/home/coder/dev_ws/src/my_bot/install/my_bot/bin'
[2.522s] Level 1:colcon.colcon_core.environment:checking '/home/coder/dev_ws/src/my_bot/install/my_bot/lib/pkgconfig/my_bot.pc'
[2.522s] Level 1:colcon.colcon_core.environment:checking '/home/coder/dev_ws/src/my_bot/install/my_bot/lib/python3.8/site-packages'
[2.522s] Level 1:colcon.colcon_core.environment:checking '/home/coder/dev_ws/src/my_bot/install/my_bot/bin'
[2.525s] INFO:colcon.colcon_core.shell:Creating package script '/home/coder/dev_ws/src/my_bot/install/my_bot/share/my_bot/package.ps1'
[2.526s] INFO:colcon.colcon_core.shell:Creating package descriptor '/home/coder/dev_ws/src/my_bot/install/my_bot/share/my_bot/package.dsv'
[2.526s] INFO:colcon.colcon_core.shell:Creating package script '/home/coder/dev_ws/src/my_bot/install/my_bot/share/my_bot/package.sh'
[2.527s] INFO:colcon.colcon_core.shell:Creating package script '/home/coder/dev_ws/src/my_bot/install/my_bot/share/my_bot/package.bash'
[2.527s] INFO:colcon.colcon_core.shell:Creating package script '/home/coder/dev_ws/src/my_bot/install/my_bot/share/my_bot/package.zsh'
[2.528s] Level 1:colcon.colcon_core.environment:create_file_with_runtime_dependencies(/home/coder/dev_ws/src/my_bot/install/my_bot/share/colcon-core/packages/my_bot)
[2.528s] DEBUG:colcon.colcon_parallel_executor.executor.parallel:closing loop
[2.528s] DEBUG:colcon.colcon_parallel_executor.executor.parallel:loop closed
[2.529s] DEBUG:colcon.colcon_parallel_executor.executor.parallel:run_until_complete finished with '0'
[2.529s] DEBUG:colcon.colcon_core.event_reactor:joining thread
[2.538s] INFO:colcon.colcon_core.plugin_system:Skipping extension 'colcon_notification.desktop_notification.terminal_notifier': Not used on non-Darwin systems
[2.538s] INFO:colcon.colcon_core.plugin_system:Skipping extension 'colcon_notification.desktop_notification.win32': Not used on non-Windows systems
[2.538s] INFO:colcon.colcon_notification.desktop_notification:Sending desktop notification using 'notify2'
[2.558s] DEBUG:colcon.colcon_core.event_reactor:joined thread
[2.563s] INFO:colcon.colcon_core.shell:Creating prefix script '/home/coder/dev_ws/src/my_bot/install/local_setup.ps1'
[2.565s] INFO:colcon.colcon_core.shell:Creating prefix util module '/home/coder/dev_ws/src/my_bot/install/_local_setup_util_ps1.py'
[2.567s] INFO:colcon.colcon_core.shell:Creating prefix chain script '/home/coder/dev_ws/src/my_bot/install/setup.ps1'
[2.570s] INFO:colcon.colcon_core.shell:Creating prefix script '/home/coder/dev_ws/src/my_bot/install/local_setup.sh'
[2.571s] INFO:colcon.colcon_core.shell:Creating prefix util module '/home/coder/dev_ws/src/my_bot/install/_local_setup_util_sh.py'
[2.571s] INFO:colcon.colcon_core.shell:Creating prefix chain script '/home/coder/dev_ws/src/my_bot/install/setup.sh'
[2.574s] INFO:colcon.colcon_core.shell:Creating prefix script '/home/coder/dev_ws/src/my_bot/install/local_setup.bash'
[2.574s] INFO:colcon.colcon_core.shell:Creating prefix chain script '/home/coder/dev_ws/src/my_bot/install/setup.bash'
[2.577s] INFO:colcon.colcon_core.shell:Creating prefix script '/home/coder/dev_ws/src/my_bot/install/local_setup.zsh'
[2.578s] INFO:colcon.colcon_core.shell:Creating prefix chain script '/home/coder/dev_ws/src/my_bot/install/setup.zsh'
